[33mÔØ»[39m Building...
[32mÔ£ö[39m Building...
[1mInitial chunk files[22m  [2m | [22m[1mNames[22m        [2m | [22m [1mRaw size[22m[2m | [22m[1mEstimated transfer size[22m
[32mstyles-V63LOS5Z.css[39m  [2m | [22m[2mstyles[22m       [2m | [22m[36m321.19 kB[39m[2m | [22m               [36m33.76 kB[39m
[32mmain-LPNF2DRN.js[39m     [2m | [22m[2mmain[22m         [2m | [22m[36m310.97 kB[39m[2m | [22m               [36m79.52 kB[39m
[32mpolyfills-B6TNHZQ6.js[39m[2m | [22m[2mpolyfills[22m    [2m | [22m [36m34.58 kB[39m[2m | [22m               [36m11.32 kB[39m

[1m [22m                    [2m | [22m[1mInitial total[22m[2m | [22m[1m[93m666.74 kB[39m[22m[2m | [22m              [1m124.60 kB[22m

Application bundle generation complete. [4.071 seconds]

node.exe : [1m[33m[33mÔû▓ 
[43;33m[[43;30mWARNING[43;
33m][0m [1mbundle initial e
xceeded maximum budget. Budge
t 500.00 kB was not met by 16
6.74 kB with a total of 666.7
4 kB.[0m
En línea: 1 Carácter: 1
+ & "C:\Program Files\nodejs/
node.exe" "C:\Users\marcg\App
Data\Roaming\ ...
+ ~~~~~~~~~~~~~~~~~~~~~~~~~~~
~~~~~~~~~~~~~~~~~~~~~~~~~~~~~
~~~~~~~~~~~~~
    + CategoryInfo           
   : NotSpecified: ([1m[3  
  3m[33mÔ... 666.74 kB.[   
 0m:String) [], RemoteExc    
eption
    + FullyQualifiedErrorId  
   : NativeCommandError
 


[33mÔû▓ [43;33m[[43;30mWAR
NING[43;33m][0m [1m4 rules
 skipped due to selector erro
rs:
  .form-floating>~label -> Di
d not expect successive trave
rsals.
  .btn-group>+.btn -> Did not
 expect successive traversals
.
  .btn-group>+.btn -> Did not
 expect successive traversals
.
  .btn-group-vertical>+.btn -
> Did not expect successive t
raversals.[0m

[39m[22m
Output location: C:\Users\marcg\OneDrive\Escritorio\py\2ndaw\0612Frontend\Bloc 2 Angular\Projecte\dist\frontend

